<?xml version="1.0" encoding="UTF-8"?>
<testng-results ignored="0" total="2" passed="2" failed="0" skipped="0">
  <reporter-output>
  </reporter-output>
  <suite started-at="2022-10-11T15:18:19 IST" name="Suite" finished-at="2022-10-11T15:18:51 IST" duration-ms="32274">
    <groups>
      <group name="Chrome">
        <method signature="FlipkartTestNG.LaunchChrome()[pri:0, instance:testingFlipkart.FlipkartTestNG@1b1426f4]" name="LaunchChrome" class="testingFlipkart.FlipkartTestNG"/>
        <method signature="FlipkartTestNG.f()[pri:0, instance:testingFlipkart.FlipkartTestNG@1b1426f4]" name="f" class="testingFlipkart.FlipkartTestNG"/>
      </group> <!-- Chrome -->
    </groups>
    <test started-at="2022-10-11T15:18:19 IST" name="Test" finished-at="2022-10-11T15:18:51 IST" duration-ms="32274">
      <class name="testingFlipkart.FlipkartTestNG">
        <test-method signature="LaunchChrome()[pri:0, instance:testingFlipkart.FlipkartTestNG@1b1426f4]" started-at="2022-10-11T15:18:19 IST" name="LaunchChrome" finished-at="2022-10-11T15:18:21 IST" duration-ms="2014" status="PASS">
          <reporter-output>
          </reporter-output>
        </test-method> <!-- LaunchChrome -->
        <test-method signature="f()[pri:0, instance:testingFlipkart.FlipkartTestNG@1b1426f4]" started-at="2022-10-11T15:18:21 IST" name="f" finished-at="2022-10-11T15:18:51 IST" depends-on-methods="testingFlipkart.FlipkartTestNG.LaunchChrome" duration-ms="30197" status="PASS">
          <reporter-output>
          </reporter-output>
        </test-method> <!-- f -->
      </class> <!-- testingFlipkart.FlipkartTestNG -->
    </test> <!-- Test -->
  </suite> <!-- Suite -->
</testng-results>
