<?xml version="1.0" encoding="UTF-8"?>
<testng-results ignored="0" total="8" passed="8" failed="0" skipped="0">
  <reporter-output>
  </reporter-output>
  <suite started-at="2022-09-27T22:53:59 IST" name="Suite" finished-at="2022-09-27T22:53:59 IST" duration-ms="62">
    <groups>
    </groups>
    <test started-at="2022-09-27T22:53:59 IST" name="Test" finished-at="2022-09-27T22:53:59 IST" duration-ms="62">
      <class name="loanapplications.CarLoanApplicationTests">
        <test-method signature="CarLoanLoginAPi()[pri:0, instance:loanapplications.CarLoanApplicationTests@77eca502]" started-at="2022-09-27T22:53:59 IST" name="CarLoanLoginAPi" finished-at="2022-09-27T22:53:59 IST" duration-ms="2" status="PASS">
          <reporter-output>
          </reporter-output>
        </test-method> <!-- CarLoanLoginAPi -->
        <test-method signature="CarLoanLoginMobile()[pri:0, instance:loanapplications.CarLoanApplicationTests@77eca502]" started-at="2022-09-27T22:53:59 IST" name="CarLoanLoginMobile" finished-at="2022-09-27T22:53:59 IST" duration-ms="1" status="PASS">
          <reporter-output>
          </reporter-output>
        </test-method> <!-- CarLoanLoginMobile -->
        <test-method signature="CarLoanLoginWeb()[pri:0, instance:loanapplications.CarLoanApplicationTests@77eca502]" started-at="2022-09-27T22:53:59 IST" name="CarLoanLoginWeb" finished-at="2022-09-27T22:53:59 IST" duration-ms="1" status="PASS">
          <reporter-output>
          </reporter-output>
        </test-method> <!-- CarLoanLoginWeb -->
      </class> <!-- loanapplications.CarLoanApplicationTests -->
      <class name="loanapplications.HomeLoanApplicationTest">
        <test-method signature="HomeLoanLoginAPi()[pri:0, instance:loanapplications.HomeLoanApplicationTest@61386958]" started-at="2022-09-27T22:53:59 IST" name="HomeLoanLoginAPi" finished-at="2022-09-27T22:53:59 IST" duration-ms="0" status="PASS">
          <reporter-output>
          </reporter-output>
        </test-method> <!-- HomeLoanLoginAPi -->
        <test-method signature="HomeLoanLoginMobile()[pri:0, instance:loanapplications.HomeLoanApplicationTest@61386958]" started-at="2022-09-27T22:53:59 IST" name="HomeLoanLoginMobile" finished-at="2022-09-27T22:53:59 IST" duration-ms="1" status="PASS">
          <reporter-output>
          </reporter-output>
        </test-method> <!-- HomeLoanLoginMobile -->
        <test-method signature="HomeLoanLoginWeb()[pri:0, instance:loanapplications.HomeLoanApplicationTest@61386958]" started-at="2022-09-27T22:53:59 IST" name="HomeLoanLoginWeb" finished-at="2022-09-27T22:53:59 IST" duration-ms="1" status="PASS">
          <reporter-output>
          </reporter-output>
        </test-method> <!-- HomeLoanLoginWeb -->
      </class> <!-- loanapplications.HomeLoanApplicationTest -->
      <class name="testpkg.sample2">
        <test-method signature="demo2()[pri:0, instance:testpkg.sample2@7690781]" started-at="2022-09-27T22:53:59 IST" name="demo2" finished-at="2022-09-27T22:53:59 IST" duration-ms="1" status="PASS">
          <reporter-output>
          </reporter-output>
        </test-method> <!-- demo2 -->
      </class> <!-- testpkg.sample2 -->
      <class name="testpkg.sample1">
        <test-method signature="demo()[pri:0, instance:testpkg.sample1@306cf3ea]" started-at="2022-09-27T22:53:59 IST" name="demo" finished-at="2022-09-27T22:53:59 IST" duration-ms="8" status="PASS">
          <reporter-output>
          </reporter-output>
        </test-method> <!-- demo -->
      </class> <!-- testpkg.sample1 -->
    </test> <!-- Test -->
  </suite> <!-- Suite -->
</testng-results>
