<?xml version="1.0" encoding="UTF-8"?>
<testng-results ignored="6" total="9" passed="3" failed="0" skipped="0">
  <reporter-output>
  </reporter-output>
  <suite started-at="2022-09-27T23:09:08 IST" name="Suite" finished-at="2022-09-27T23:09:08 IST" duration-ms="50">
    <groups>
      <group name="Smoke">
        <method signature="CarLoanApplicationTests.CarLoanLoginMobile()[pri:0, instance:loanapplications.CarLoanApplicationTests@625732]" name="CarLoanLoginMobile" class="loanapplications.CarLoanApplicationTests"/>
        <method signature="HomeLoanApplicationTests.APIHomeLoan()[pri:0, instance:loanapplications.HomeLoanApplicationTests@272ed83b]" name="APIHomeLoan" class="loanapplications.HomeLoanApplicationTests"/>
        <method signature="PersonalLoanApplicationTests.PersonalLoanLoginWeb()[pri:0, instance:loanapplications.PersonalLoanApplicationTests@6a370f4]" name="PersonalLoanLoginWeb" class="loanapplications.PersonalLoanApplicationTests"/>
      </group> <!-- Smoke -->
    </groups>
    <test started-at="2022-09-27T23:09:08 IST" name="SmokeTests" finished-at="2022-09-27T23:09:08 IST" duration-ms="50">
      <class name="loanapplications.CarLoanApplicationTests">
        <test-method signature="CarLoanLoginMobile()[pri:0, instance:loanapplications.CarLoanApplicationTests@625732]" started-at="2022-09-27T23:09:08 IST" name="CarLoanLoginMobile" finished-at="2022-09-27T23:09:08 IST" duration-ms="1" status="PASS">
          <reporter-output>
          </reporter-output>
        </test-method> <!-- CarLoanLoginMobile -->
      </class> <!-- loanapplications.CarLoanApplicationTests -->
      <class name="loanapplications.HomeLoanApplicationTests">
        <test-method signature="APIHomeLoan()[pri:0, instance:loanapplications.HomeLoanApplicationTests@272ed83b]" started-at="2022-09-27T23:09:08 IST" name="APIHomeLoan" finished-at="2022-09-27T23:09:08 IST" duration-ms="1" status="PASS">
          <reporter-output>
          </reporter-output>
        </test-method> <!-- APIHomeLoan -->
      </class> <!-- loanapplications.HomeLoanApplicationTests -->
      <class name="loanapplications.PersonalLoanApplicationTests">
        <test-method signature="PersonalLoanLoginWeb()[pri:0, instance:loanapplications.PersonalLoanApplicationTests@6a370f4]" started-at="2022-09-27T23:09:08 IST" name="PersonalLoanLoginWeb" finished-at="2022-09-27T23:09:08 IST" duration-ms="7" status="PASS">
          <reporter-output>
          </reporter-output>
        </test-method> <!-- PersonalLoanLoginWeb -->
      </class> <!-- loanapplications.PersonalLoanApplicationTests -->
    </test> <!-- SmokeTests -->
  </suite> <!-- Suite -->
</testng-results>
