<?xml version="1.0" encoding="UTF-8"?>
<!-- Generated by org.testng.reporters.JUnitXMLReporter -->
<testsuite ignored="1" hostname="LAPTOP-I1PU30SC" failures="0" tests="2" name="CarLoanTests" time="0.014" errors="0" timestamp="2022-09-28T10:40:01 IST">
  <testcase classname="loanapplications.CarLoanApplicationTests" name="CarLoanLoginWeb" time="0.005"/>
  <testcase classname="loanapplications.CarLoanApplicationTests" name="CarLoanLoginAPI" time="0.001"/>
  <testcase classname="loanapplications.CarLoanApplicationTests" name="CarLoanLoginMobile" time="0.0">
    <ignored/>
  </testcase> <!-- CarLoanLoginMobile -->
</testsuite> <!-- CarLoanTests -->
