<?xml version="1.0" encoding="UTF-8"?>
<!-- Generated by org.testng.reporters.JUnitXMLReporter -->
<testsuite ignored="0" hostname="LAPTOP-I1PU30SC" failures="0" tests="3" name="SmokeTests" time="0.049" errors="0" timestamp="2022-09-28T10:08:08 IST">
  <testcase classname="testpkg.ParamTest" name="applyForLoan" time="0.006"/>
  <testcase classname="testpkg.ParamTest" name="applyForLoan" time="0.001"/>
  <testcase classname="testpkg.ParamTest" name="applyForLoan" time="0.001"/>
</testsuite> <!-- SmokeTests -->
