<?xml version="1.0" encoding="UTF-8"?>
<!-- Generated by org.testng.reporters.JUnitXMLReporter -->
<testsuite ignored="0" hostname="LAPTOP-I1PU30SC" failures="0" tests="8" name="Test" time="0.062" errors="0" timestamp="2022-09-27T22:53:59 IST">
  <testcase classname="testpkg.sample1" name="demo" time="0.008"/>
  <testcase classname="testpkg.sample2" name="demo2" time="0.001"/>
  <testcase classname="loanapplications.CarLoanApplicationTests" name="CarLoanLoginAPi" time="0.002"/>
  <testcase classname="loanapplications.CarLoanApplicationTests" name="CarLoanLoginMobile" time="0.001"/>
  <testcase classname="loanapplications.CarLoanApplicationTests" name="CarLoanLoginWeb" time="0.001"/>
  <testcase classname="loanapplications.HomeLoanApplicationTest" name="HomeLoanLoginAPi" time="0.0"/>
  <testcase classname="loanapplications.HomeLoanApplicationTest" name="HomeLoanLoginMobile" time="0.001"/>
  <testcase classname="loanapplications.HomeLoanApplicationTest" name="HomeLoanLoginWeb" time="0.001"/>
</testsuite> <!-- Test -->
